<?xml version="1.0" encoding="UTF-8"?>
<!-- Generated by org.testng.reporters.JUnitXMLReporter -->
<testsuite ignored="0" hostname="SAITEJA" failures="0" tests="28" name="Default test" time="507.468" errors="0" timestamp="2023-12-03T18:55:13 PST">
  <testcase classname="tests.Tests" name="testLinear1" time="28.38"/>
  <testcase classname="tests.Tests" name="testLinear2" time="17.328"/>
  <testcase classname="tests.Tests" name="testLinear3" time="17.508"/>
  <testcase classname="tests.Tests" name="testLinear4" time="18.254"/>
  <testcase classname="tests.Tests" name="testLinear5" time="17.214"/>
  <testcase classname="tests.Tests" name="testLinear6" time="16.549"/>
  <testcase classname="tests.Tests" name="testLinear7" time="18.132"/>
  <testcase classname="tests.Tests" name="testexpo1" time="16.621"/>
  <testcase classname="tests.Tests" name="testexpo2" time="16.889"/>
  <testcase classname="tests.Tests" name="testexpo3" time="16.338"/>
  <testcase classname="tests.Tests" name="testexpo4" time="17.887"/>
  <testcase classname="tests.Tests" name="testexpo5" time="16.667"/>
  <testcase classname="tests.Tests" name="testexpo6" time="17.618"/>
  <testcase classname="tests.Tests" name="testexpo7" time="18.355"/>
  <testcase classname="tests.Tests" name="testpoly1" time="18.681"/>
  <testcase classname="tests.Tests" name="testpoly2" time="19.027"/>
  <testcase classname="tests.Tests" name="testpoly3" time="17.681"/>
  <testcase classname="tests.Tests" name="testpoly4" time="18.083"/>
  <testcase classname="tests.Tests" name="testpoly5" time="17.081"/>
  <testcase classname="tests.Tests" name="testpoly6" time="17.257"/>
  <testcase classname="tests.Tests" name="testpoly7" time="18.764"/>
  <testcase classname="tests.Tests" name="testquadratic1" time="17.668"/>
  <testcase classname="tests.Tests" name="testquadratic2" time="16.509"/>
  <testcase classname="tests.Tests" name="testquadratic3" time="16.223"/>
  <testcase classname="tests.Tests" name="testquadratic4" time="15.846"/>
  <testcase classname="tests.Tests" name="testquadratic5" time="16.292"/>
  <testcase classname="tests.Tests" name="testquadratic6" time="16.574"/>
  <testcase classname="tests.Tests" name="testquadratic7" time="16.464"/>
</testsuite> <!-- Default test -->
